\BOOKMARK [1][-]{section.1}{\376\377\000A\000n\000a\000l\000y\000t\000i\000c\000a\000l\000\040\000S\000o\000l\000u\000t\000i\000o\000n}{}% 1
\BOOKMARK [2][-]{subsection.1.1}{\376\377\000S\000t\000u\000d\000e\000n\000t\000\040\000N\000u\000m\000b\000e\000r\000\040\000B\000i\000n\000a\000r\000y\000\040\000C\000o\000n\000v\000e\000r\000s\000i\000o\000n}{section.1}% 2
\BOOKMARK [2][-]{subsection.1.2}{\376\377\000E\000x\000c\000i\000t\000a\000t\000i\000o\000n\000\040\000T\000a\000b\000l\000e}{section.1}% 3
\BOOKMARK [2][-]{subsection.1.3}{\376\377\000K\000-\000M\000a\000p\000\040\000f\000o\000r\000\040\000J\0001}{section.1}% 4
\BOOKMARK [3][-]{subsubsection.1.3.1}{\376\377\000E\000x\000p\000l\000a\000n\000a\000t\000i\000o\000n\000\040\000o\000f\000\040\000K\000-\000M\000a\000p\000\040\000C\000o\000l\000o\000r\000i\000n\000g\000\040\000f\000o\000r\000\040\000J\0001}{subsection.1.3}% 5
\BOOKMARK [3][-]{subsubsection.1.3.2}{\376\377\000S\000O\000P\000\040\000I\000m\000p\000l\000e\000m\000e\000n\000t\000a\000t\000i\000o\000n\000\040\000f\000o\000r\000\040\000J\0001}{subsection.1.3}% 6
\BOOKMARK [3][-]{subsubsection.1.3.3}{\376\377\000P\000O\000S\000\040\000I\000m\000p\000l\000e\000m\000e\000n\000t\000a\000t\000i\000o\000n\000\040\000f\000o\000r\000\040\000J\0001}{subsection.1.3}% 7
\BOOKMARK [2][-]{subsection.1.4}{\376\377\000K\000-\000M\000a\000p\000\040\000f\000o\000r\000\040\000!\000K\0001}{section.1}% 8
\BOOKMARK [3][-]{subsubsection.1.4.1}{\376\377\000E\000x\000p\000l\000a\000n\000a\000t\000i\000o\000n\000\040\000o\000f\000\040\000K\000-\000M\000a\000p\000\040\000C\000o\000l\000o\000r\000i\000n\000g\000\040\000f\000o\000r\000\040\000!\000K\0001}{subsection.1.4}% 9
\BOOKMARK [3][-]{subsubsection.1.4.2}{\376\377\000S\000O\000P\000\040\000I\000m\000p\000l\000e\000m\000e\000n\000t\000a\000t\000i\000o\000n\000\040\000f\000o\000r\000\040\000!\000K\0001}{subsection.1.4}% 10
\BOOKMARK [3][-]{subsubsection.1.4.3}{\376\377\000P\000O\000S\000\040\000I\000m\000p\000l\000e\000m\000e\000n\000t\000a\000t\000i\000o\000n\000\040\000f\000o\000r\000\040\000!\000K\0001}{subsection.1.4}% 11
\BOOKMARK [2][-]{subsection.1.5}{\376\377\000K\000-\000M\000a\000p\000\040\000f\000o\000r\000\040\000J\0002}{section.1}% 12
\BOOKMARK [3][-]{subsubsection.1.5.1}{\376\377\000E\000x\000p\000l\000a\000n\000a\000t\000i\000o\000n\000\040\000o\000f\000\040\000K\000-\000M\000a\000p\000\040\000C\000o\000l\000o\000r\000i\000n\000g\000\040\000f\000o\000r\000\040\000J\0002}{subsection.1.5}% 13
\BOOKMARK [3][-]{subsubsection.1.5.2}{\376\377\000S\000O\000P\000\040\000I\000m\000p\000l\000e\000m\000e\000n\000t\000a\000t\000i\000o\000n\000\040\000f\000o\000r\000\040\000J\0002}{subsection.1.5}% 14
\BOOKMARK [3][-]{subsubsection.1.5.3}{\376\377\000P\000O\000S\000\040\000I\000m\000p\000l\000e\000m\000e\000n\000t\000a\000t\000i\000o\000n\000\040\000f\000o\000r\000\040\000J\0002}{subsection.1.5}% 15
\BOOKMARK [2][-]{subsection.1.6}{\376\377\000K\000-\000M\000a\000p\000\040\000f\000o\000r\000\040\000!\000K\0002}{section.1}% 16
\BOOKMARK [3][-]{subsubsection.1.6.1}{\376\377\000E\000x\000p\000l\000a\000n\000a\000t\000i\000o\000n\000\040\000o\000f\000\040\000K\000-\000M\000a\000p\000\040\000C\000o\000l\000o\000r\000i\000n\000g\000\040\000f\000o\000r\000\040\000!\000K\0002}{subsection.1.6}% 17
\BOOKMARK [3][-]{subsubsection.1.6.2}{\376\377\000S\000O\000P\000\040\000I\000m\000p\000l\000e\000m\000e\000n\000t\000a\000t\000i\000o\000n\000\040\000f\000o\000r\000\040\000!\000K\0002}{subsection.1.6}% 18
\BOOKMARK [3][-]{subsubsection.1.6.3}{\376\377\000P\000O\000S\000\040\000I\000m\000p\000l\000e\000m\000e\000n\000t\000a\000t\000i\000o\000n\000\040\000f\000o\000r\000\040\000!\000K\0002}{subsection.1.6}% 19
\BOOKMARK [2][-]{subsection.1.7}{\376\377\000K\000-\000M\000a\000p\000\040\000f\000o\000r\000\040\000J\0003}{section.1}% 20
\BOOKMARK [3][-]{subsubsection.1.7.1}{\376\377\000K\000-\000M\000a\000p\000\040\000f\000o\000r\000\040\000J\0003\000\040\000S\000O\000P}{subsection.1.7}% 21
\BOOKMARK [3][-]{subsubsection.1.7.2}{\376\377\000S\000O\000P\000\040\000I\000m\000p\000l\000e\000m\000e\000n\000t\000a\000t\000i\000o\000n\000\040\000f\000o\000r\000\040\000J\0003}{subsection.1.7}% 22
\BOOKMARK [3][-]{subsubsection.1.7.3}{\376\377\000K\000-\000M\000a\000p\000\040\000f\000o\000r\000\040\000J\0003\000\040\000P\000O\000S}{subsection.1.7}% 23
\BOOKMARK [3][-]{subsubsection.1.7.4}{\376\377\000P\000O\000S\000\040\000I\000m\000p\000l\000e\000m\000e\000n\000t\000a\000t\000i\000o\000n\000\040\000f\000o\000r\000\040\000J\0003}{subsection.1.7}% 24
\BOOKMARK [2][-]{subsection.1.8}{\376\377\000K\000-\000M\000a\000p\000\040\000f\000o\000r\000\040\000!\000K\0003}{section.1}% 25
\BOOKMARK [3][-]{subsubsection.1.8.1}{\376\377\000E\000x\000p\000l\000a\000n\000a\000t\000i\000o\000n\000\040\000o\000f\000\040\000K\000-\000M\000a\000p\000\040\000C\000o\000l\000o\000r\000i\000n\000g\000\040\000f\000o\000r\000\040\000!\000K\0003}{subsection.1.8}% 26
\BOOKMARK [3][-]{subsubsection.1.8.2}{\376\377\000S\000O\000P\000\040\000I\000m\000p\000l\000e\000m\000e\000n\000t\000a\000t\000i\000o\000n\000\040\000f\000o\000r\000\040\000!\000K\0003}{subsection.1.8}% 27
\BOOKMARK [3][-]{subsubsection.1.8.3}{\376\377\000P\000O\000S\000\040\000I\000m\000p\000l\000e\000m\000e\000n\000t\000a\000t\000i\000o\000n\000\040\000f\000o\000r\000\040\000!\000K\0003}{subsection.1.8}% 28
\BOOKMARK [2][-]{subsection.1.9}{\376\377\000K\000-\000M\000a\000p\000\040\000f\000o\000r\000\040\000J\0004}{section.1}% 29
\BOOKMARK [3][-]{subsubsection.1.9.1}{\376\377\000E\000x\000p\000l\000a\000n\000a\000t\000i\000o\000n\000\040\000o\000f\000\040\000K\000-\000M\000a\000p\000\040\000C\000o\000l\000o\000r\000i\000n\000g\000\040\000f\000o\000r\000\040\000J\0004}{subsection.1.9}% 30
\BOOKMARK [3][-]{subsubsection.1.9.2}{\376\377\000S\000O\000P\000\040\000I\000m\000p\000l\000e\000m\000e\000n\000t\000a\000t\000i\000o\000n\000\040\000f\000o\000r\000\040\000J\0004}{subsection.1.9}% 31
\BOOKMARK [3][-]{subsubsection.1.9.3}{\376\377\000P\000O\000S\000\040\000I\000m\000p\000l\000e\000m\000e\000n\000t\000a\000t\000i\000o\000n\000\040\000f\000o\000r\000\040\000J\0004}{subsection.1.9}% 32
\BOOKMARK [2][-]{subsection.1.10}{\376\377\000K\000-\000M\000a\000p\000\040\000f\000o\000r\000\040\000!\000K\0004}{section.1}% 33
\BOOKMARK [3][-]{subsubsection.1.10.1}{\376\377\000E\000x\000p\000l\000a\000n\000a\000t\000i\000o\000n\000\040\000o\000f\000\040\000K\000-\000M\000a\000p\000\040\000C\000o\000l\000o\000r\000i\000n\000g\000\040\000f\000o\000r\000\040\000!\000K\0004}{subsection.1.10}% 34
\BOOKMARK [3][-]{subsubsection.1.10.2}{\376\377\000S\000O\000P\000\040\000I\000m\000p\000l\000e\000m\000e\000n\000t\000a\000t\000i\000o\000n\000\040\000f\000o\000r\000\040\000!\000K\0004}{subsection.1.10}% 35
\BOOKMARK [3][-]{subsubsection.1.10.3}{\376\377\000P\000O\000S\000\040\000I\000m\000p\000l\000e\000m\000e\000n\000t\000a\000t\000i\000o\000n\000\040\000f\000o\000r\000\040\000!\000K\0004}{subsection.1.10}% 36
\BOOKMARK [2][-]{subsection.1.11}{\376\377\000K\000-\000M\000a\000p\000\040\000f\000o\000r\000\040\000J\000C\0001}{section.1}% 37
\BOOKMARK [3][-]{subsubsection.1.11.1}{\376\377\000E\000x\000p\000l\000a\000n\000a\000t\000i\000o\000n\000\040\000o\000f\000\040\000K\000-\000M\000a\000p\000\040\000C\000o\000l\000o\000r\000i\000n\000g\000\040\000f\000o\000r\000\040\000J\000C\0001}{subsection.1.11}% 38
\BOOKMARK [3][-]{subsubsection.1.11.2}{\376\377\000S\000O\000P\000\040\000I\000m\000p\000l\000e\000m\000e\000n\000t\000a\000t\000i\000o\000n\000\040\000f\000o\000r\000\040\000J\000C\0001}{subsection.1.11}% 39
\BOOKMARK [3][-]{subsubsection.1.11.3}{\376\377\000P\000O\000S\000\040\000I\000m\000p\000l\000e\000m\000e\000n\000t\000a\000t\000i\000o\000n\000\040\000f\000o\000r\000\040\000J\000C\0001}{subsection.1.11}% 40
\BOOKMARK [2][-]{subsection.1.12}{\376\377\000K\000-\000M\000a\000p\000\040\000f\000o\000r\000\040\000!\000K\000C\0001}{section.1}% 41
\BOOKMARK [3][-]{subsubsection.1.12.1}{\376\377\000E\000x\000p\000l\000a\000n\000a\000t\000i\000o\000n\000\040\000o\000f\000\040\000K\000-\000M\000a\000p\000\040\000C\000o\000l\000o\000r\000i\000n\000g\000\040\000f\000o\000r\000\040\000!\000K\000C\0001}{subsection.1.12}% 42
\BOOKMARK [3][-]{subsubsection.1.12.2}{\376\377\000S\000O\000P\000\040\000I\000m\000p\000l\000e\000m\000e\000n\000t\000a\000t\000i\000o\000n\000\040\000f\000o\000r\000\040\000!\000K\000C\0001}{subsection.1.12}% 43
\BOOKMARK [3][-]{subsubsection.1.12.3}{\376\377\000P\000O\000S\000\040\000I\000m\000p\000l\000e\000m\000e\000n\000t\000a\000t\000i\000o\000n\000\040\000f\000o\000r\000\040\000!\000K\000C\0001}{subsection.1.12}% 44
\BOOKMARK [2][-]{subsection.1.13}{\376\377\000K\000-\000M\000a\000p\000\040\000f\000o\000r\000\040\000J\000C\0002}{section.1}% 45
\BOOKMARK [3][-]{subsubsection.1.13.1}{\376\377\000E\000x\000p\000l\000a\000n\000a\000t\000i\000o\000n\000\040\000o\000f\000\040\000K\000-\000M\000a\000p\000\040\000C\000o\000l\000o\000r\000i\000n\000g\000\040\000f\000o\000r\000\040\000J\000C\0002}{subsection.1.13}% 46
\BOOKMARK [3][-]{subsubsection.1.13.2}{\376\377\000S\000O\000P\000\040\000I\000m\000p\000l\000e\000m\000e\000n\000t\000a\000t\000i\000o\000n\000\040\000f\000o\000r\000\040\000J\000C\0002}{subsection.1.13}% 47
\BOOKMARK [3][-]{subsubsection.1.13.3}{\376\377\000P\000O\000S\000\040\000I\000m\000p\000l\000e\000m\000e\000n\000t\000a\000t\000i\000o\000n\000\040\000f\000o\000r\000\040\000J\000C\0002}{subsection.1.13}% 48
\BOOKMARK [2][-]{subsection.1.14}{\376\377\000K\000-\000M\000a\000p\000\040\000f\000o\000r\000\040\000!\000K\000C\0002}{section.1}% 49
\BOOKMARK [3][-]{subsubsection.1.14.1}{\376\377\000E\000x\000p\000l\000a\000n\000a\000t\000i\000o\000n\000\040\000o\000f\000\040\000K\000-\000M\000a\000p\000\040\000C\000o\000l\000o\000r\000i\000n\000g\000\040\000f\000o\000r\000\040\000!\000K\000C\0002}{subsection.1.14}% 50
\BOOKMARK [3][-]{subsubsection.1.14.2}{\376\377\000S\000O\000P\000\040\000I\000m\000p\000l\000e\000m\000e\000n\000t\000a\000t\000i\000o\000n\000\040\000f\000o\000r\000\040\000!\000K\000C\0002}{subsection.1.14}% 51
\BOOKMARK [3][-]{subsubsection.1.14.3}{\376\377\000P\000O\000S\000\040\000I\000m\000p\000l\000e\000m\000e\000n\000t\000a\000t\000i\000o\000n\000\040\000f\000o\000r\000\040\000!\000K\000C\0002}{subsection.1.14}% 52
\BOOKMARK [2][-]{subsection.1.15}{\376\377\000I\000m\000p\000l\000e\000m\000e\000n\000t\000a\000t\000i\000o\000n\000s\000\040\000T\000a\000b\000l\000e}{section.1}% 53
\BOOKMARK [1][-]{section.2}{\376\377\000S\000i\000m\000u\000l\000a\000t\000e\000d\000\040\000R\000e\000s\000u\000l\000t\000s}{}% 54
\BOOKMARK [2][-]{subsection.2.1}{\376\377\000D\000i\000s\000c\000u\000s\000s\000i\000o\000n\000\040\000o\000f\000\040\000S\000i\000m\000u\000l\000a\000t\000e\000d\000\040\000R\000e\000s\000u\000l\000t\000s}{section.2}% 55
\BOOKMARK [2][-]{subsection.2.2}{\376\377\000D\000e\000b\000u\000g\000g\000i\000n\000g}{section.2}% 56
\BOOKMARK [1][-]{section.3}{\376\377\000P\000h\000y\000s\000i\000c\000a\000l\000\040\000C\000i\000r\000c\000u\000i\000t}{}% 57
